  Archer.cpp
  Character.cpp
  Knight.cpp
  Main.cpp
C:\Users\tyler\Documents\Homeschool Files\UAT Files\Semester 2\CSC275 C++ Programming 2\CSC275 Final - Fight the Knight\Main.cpp(65,15): warning C4101: 'j': unreferenced local variable
C:\Users\tyler\Documents\Homeschool Files\UAT Files\Semester 2\CSC275 C++ Programming 2\CSC275 Final - Fight the Knight\Main.cpp(87,15): warning C4101: 'j': unreferenced local variable
C:\Users\tyler\Documents\Homeschool Files\UAT Files\Semester 2\CSC275 C++ Programming 2\CSC275 Final - Fight the Knight\Main.cpp(109,15): warning C4101: 'j': unreferenced local variable
C:\Users\tyler\Documents\Homeschool Files\UAT Files\Semester 2\CSC275 C++ Programming 2\CSC275 Final - Fight the Knight\Main.cpp(207,13): warning C4101: 'i': unreferenced local variable
C:\Users\tyler\Documents\Homeschool Files\UAT Files\Semester 2\CSC275 C++ Programming 2\CSC275 Final - Fight the Knight\Main.cpp(336,17): warning C4101: 'j': unreferenced local variable
C:\Users\tyler\Documents\Homeschool Files\UAT Files\Semester 2\CSC275 C++ Programming 2\CSC275 Final - Fight the Knight\Main.cpp(357,17): warning C4101: 'j': unreferenced local variable
C:\Users\tyler\Documents\Homeschool Files\UAT Files\Semester 2\CSC275 C++ Programming 2\CSC275 Final - Fight the Knight\Main.cpp(378,17): warning C4101: 'j': unreferenced local variable
C:\Users\tyler\Documents\Homeschool Files\UAT Files\Semester 2\CSC275 C++ Programming 2\CSC275 Final - Fight the Knight\Main.cpp(473,15): warning C4101: 'i': unreferenced local variable
C:\Users\tyler\Documents\Homeschool Files\UAT Files\Semester 2\CSC275 C++ Programming 2\CSC275 Final - Fight the Knight\Main.cpp(677,17): warning C4101: 'i': unreferenced local variable
C:\Users\tyler\Documents\Homeschool Files\UAT Files\Semester 2\CSC275 C++ Programming 2\CSC275 Final - Fight the Knight\Main.cpp(741,17): warning C4101: 'i': unreferenced local variable
C:\Users\tyler\Documents\Homeschool Files\UAT Files\Semester 2\CSC275 C++ Programming 2\CSC275 Final - Fight the Knight\Main.cpp(805,16): warning C4101: 'i': unreferenced local variable
C:\Users\tyler\Documents\Homeschool Files\UAT Files\Semester 2\CSC275 C++ Programming 2\CSC275 Final - Fight the Knight\Main.cpp(869,16): warning C4101: 'i': unreferenced local variable
C:\Users\tyler\Documents\Homeschool Files\UAT Files\Semester 2\CSC275 C++ Programming 2\CSC275 Final - Fight the Knight\Main.cpp(933,16): warning C4101: 'i': unreferenced local variable
C:\Users\tyler\Documents\Homeschool Files\UAT Files\Semester 2\CSC275 C++ Programming 2\CSC275 Final - Fight the Knight\Main.cpp(997,16): warning C4101: 'i': unreferenced local variable
C:\Users\tyler\Documents\Homeschool Files\UAT Files\Semester 2\CSC275 C++ Programming 2\CSC275 Final - Fight the Knight\Main.cpp(1032,12): warning C4244: 'argument': conversion from 'time_t' to 'unsigned int', possible loss of data
  Wizard.cpp
  Generating Code...
C:\Users\tyler\Documents\Homeschool Files\UAT Files\Semester 2\CSC275 C++ Programming 2\CSC275 Final - Fight the Knight\Wizard.cpp(88): warning C4715: 'Wizard::iceAttack': not all control paths return a value
C:\Users\tyler\Documents\Homeschool Files\UAT Files\Semester 2\CSC275 C++ Programming 2\CSC275 Final - Fight the Knight\Wizard.cpp(60): warning C4715: 'Wizard::lightningAttack': not all control paths return a value
C:\Users\tyler\Documents\Homeschool Files\UAT Files\Semester 2\CSC275 C++ Programming 2\CSC275 Final - Fight the Knight\Wizard.cpp(32): warning C4715: 'Wizard::fireAttack': not all control paths return a value
C:\Users\tyler\Documents\Homeschool Files\UAT Files\Semester 2\CSC275 C++ Programming 2\CSC275 Final - Fight the Knight\Knight.cpp(50): warning C4715: 'Knight::slashAttack': not all control paths return a value
C:\Users\tyler\Documents\Homeschool Files\UAT Files\Semester 2\CSC275 C++ Programming 2\CSC275 Final - Fight the Knight\Knight.cpp(96): warning C4715: 'Knight::stabAttack': not all control paths return a value
C:\Users\tyler\Documents\Homeschool Files\UAT Files\Semester 2\CSC275 C++ Programming 2\CSC275 Final - Fight the Knight\Character.cpp(139): warning C4715: 'Character::taunt': not all control paths return a value
C:\Users\tyler\Documents\Homeschool Files\UAT Files\Semester 2\CSC275 C++ Programming 2\CSC275 Final - Fight the Knight\Archer.cpp(121): warning C4715: 'Archer::hide': not all control paths return a value
C:\Users\tyler\Documents\Homeschool Files\UAT Files\Semester 2\CSC275 C++ Programming 2\CSC275 Final - Fight the Knight\Archer.cpp(49): warning C4715: 'Archer::quickShotAttack': not all control paths return a value
C:\Users\tyler\Documents\Homeschool Files\UAT Files\Semester 2\CSC275 C++ Programming 2\CSC275 Final - Fight the Knight\Archer.cpp(94): warning C4715: 'Archer::powerShotAttack': not all control paths return a value
  CSC275 Final - Fight the Knight.vcxproj -> C:\Users\tyler\Documents\Homeschool Files\UAT Files\Semester 2\CSC275 C++ Programming 2\CSC275 Final - Fight the Knight\x64\Debug\CSC275 Final - Fight the Knight.exe
